<?xml version="1.0" encoding="utf-8" standalone="no"?>
<!--This file represents the results of running a test suite-->
<test-results name="D:\Projects\Ingenta_BDD\Project1.nunit" total="1" errors="0" failures="1" not-run="0" inconclusive="0" ignored="0" skipped="0" invalid="0" date="2018-10-12" time="12:18:02">
  <environment nunit-version="2.6.4.14350" clr-version="2.0.50727.8762" os-version="Microsoft Windows NT 6.1.7601 Service Pack 1" platform="Win32NT" cwd="C:\Program Files (x86)\NUnit 2.6.4\bin" machine-name="MUM-LAP-478" user="Kishore.Punjabi" user-domain="RAVE-TECH.CO.IN" />
  <culture-info current-culture="en-US" current-uiculture="en-US" />
  <test-suite type="Project" name="D:\Projects\Ingenta_BDD\Project1.nunit" executed="True" result="Failure" success="False" time="0.078" asserts="0">
    <results>
      <test-suite type="Assembly" name="D:\Projects\Ingenta_BDD\Ingenta.Test\bin\Debug\Ingenta.Test.dll" executed="True" result="Failure" success="False" time="0.074" asserts="0">
        <results>
          <test-suite type="Namespace" name="Ingenta" executed="True" result="Failure" success="False" time="0.069" asserts="0">
            <results>
              <test-suite type="Namespace" name="Test" executed="True" result="Failure" success="False" time="0.065" asserts="0">
                <results>
                  <test-suite type="TestFixture" name="SimpleScenario" executed="True" result="Error" success="False" time="0.046" asserts="0">
                    <failure>
                      <message><![CDATA[SetUp : System.BadImageFormatException : Could not load file or assembly 'Microsoft.Expression.Encoder, Version=4.0.0.0, Culture=neutral, PublicKeyToken=31bf3856ad364e35' or one of its dependencies. An attempt was made to load a program with an incorrect format.]]></message>
                      <stack-trace><![CDATA[at Ingenta.Test.Utils.Start..ctor()
at Ingenta.Test.SimpleScenario..ctor() in D:\Projects\Ingenta_BDD\Ingenta.Test\SimpleScenario.cs:line 38
]]></stack-trace>
                    </failure>
                    <results>
                      <test-case name="Ingenta.Test.SimpleScenario.UpdateBookingRefrence" description="We run this scenario for updating the booking reference" executed="True" result="Failure" success="False" time="0.000" asserts="0">
                        <failure>
                          <message><![CDATA[TestFixtureSetUp failed in SimpleScenario]]></message>
                          <stack-trace />
                        </failure>
                      </test-case>
                    </results>
                  </test-suite>
                </results>
              </test-suite>
            </results>
          </test-suite>
        </results>
      </test-suite>
    </results>
  </test-suite>
</test-results>